This file contains any messages produced by compilers while
running configure, to aid debugging if configure makes a mistake.

It was created by Adll configure 1.0, which was
generated by GNU Autoconf 2.59.  Invocation command line was

  $ ./configure 

## --------- ##
## Platform. ##
## --------- ##

hostname = debianrulz
uname -m = i686
uname -r = 2.6.9
uname -s = Linux
uname -v = #7 Fri Feb 11 14:31:57 CET 2005

/usr/bin/uname -p = unknown
/bin/uname -X     = unknown

/bin/arch              = i686
/usr/bin/arch -k       = unknown
/usr/convex/getsysinfo = unknown
hostinfo               = unknown
/bin/machine           = unknown
/usr/bin/oslevel       = unknown
/bin/universe          = unknown

PATH: /usr/local/bin
PATH: /usr/bin
PATH: /bin
PATH: /usr/bin/X11
PATH: /usr/games
PATH: /home/dz/t00lz/bin


## ----------- ##
## Core tests. ##
## ----------- ##

configure:1367: checking for a BSD-compatible install
configure:1422: result: /usr/bin/install -c
configure:1433: checking whether build environment is sane
configure:1476: result: yes
configure:1491: checking whether make sets $(MAKE)
configure:1511: result: yes
configure:1543: checking for working aclocal-1.4
configure:1554: result: missing
configure:1558: checking for working autoconf
configure:1565: result: found
configure:1573: checking for working automake-1.4
configure:1584: result: missing
configure:1588: checking for working autoheader
configure:1595: result: found
configure:1603: checking for working makeinfo
configure:1610: result: found
configure:1680: checking for gcc
configure:1696: found /usr/bin/gcc
configure:1706: result: gcc
configure:1950: checking for C compiler version
configure:1953: gcc --version </dev/null >&5
gcc (GCC) 3.3.4 (Debian 1:3.3.4-13)
Copyright (C) 2003 Free Software Foundation, Inc.
This is free software; see the source for copying conditions.  There is NO
warranty; not even for MERCHANTABILITY or FITNESS FOR A PARTICULAR PURPOSE.

configure:1956: $? = 0
configure:1958: gcc -v </dev/null >&5
Reading specs from /usr/lib/gcc-lib/i486-linux/3.3.4/specs
Configured with: ../src/configure -v --enable-languages=c,c++,java,f77,pascal,objc,ada,treelang --prefix=/usr --mandir=/usr/share/man --infodir=/usr/share/info --with-gxx-include-dir=/usr/include/c++/3.3 --enable-shared --with-system-zlib --enable-nls --without-included-gettext --enable-__cxa_atexit --enable-clocale=gnu --enable-debug --enable-java-gc=boehm --enable-java-awt=xlib --enable-objc-gc i486-linux
Thread model: posix
gcc version 3.3.4 (Debian 1:3.3.4-13)
configure:1961: $? = 0
configure:1963: gcc -V </dev/null >&5
gcc: `-V' option must have argument
configure:1966: $? = 1
configure:1989: checking for C compiler default output file name
configure:1992: gcc    conftest.c  >&5
configure:1995: $? = 0
configure:2041: result: a.out
configure:2046: checking whether the C compiler works
configure:2052: ./a.out
configure:2055: $? = 0
configure:2072: result: yes
configure:2079: checking whether we are cross compiling
configure:2081: result: no
configure:2084: checking for suffix of executables
configure:2086: gcc -o conftest    conftest.c  >&5
configure:2089: $? = 0
configure:2114: result: 
configure:2120: checking for suffix of object files
configure:2141: gcc -c   conftest.c >&5
configure:2144: $? = 0
configure:2166: result: o
configure:2170: checking whether we are using the GNU C compiler
configure:2194: gcc -c   conftest.c >&5
configure:2200: $? = 0
configure:2203: test -z 			 || test ! -s conftest.err
configure:2206: $? = 0
configure:2209: test -s conftest.o
configure:2212: $? = 0
configure:2225: result: yes
configure:2231: checking whether gcc accepts -g
configure:2252: gcc -c -g  conftest.c >&5
configure:2258: $? = 0
configure:2261: test -z 			 || test ! -s conftest.err
configure:2264: $? = 0
configure:2267: test -s conftest.o
configure:2270: $? = 0
configure:2281: result: yes
configure:2298: checking for gcc option to accept ANSI C
configure:2368: gcc  -c -g -O2  conftest.c >&5
configure:2374: $? = 0
configure:2377: test -z 			 || test ! -s conftest.err
configure:2380: $? = 0
configure:2383: test -s conftest.o
configure:2386: $? = 0
configure:2404: result: none needed
configure:2422: gcc -c -g -O2  conftest.c >&5
conftest.c:2: error: parse error before "me"
configure:2428: $? = 1
configure: failed program was:
| #ifndef __cplusplus
|   choke me
| #endif
configure:2562: checking for gcc option to accept ANSI C
configure:2624: gcc  -c -g -O2  conftest.c >&5
configure:2630: $? = 0
configure:2633: test -z 			 || test ! -s conftest.err
configure:2636: $? = 0
configure:2639: test -s conftest.o
configure:2642: $? = 0
configure:2657: result: none needed
configure:2709: checking for ranlib
configure:2725: found /usr/bin/ranlib
configure:2736: result: ranlib
configure:2753: checking how to run the C preprocessor
configure:2788: gcc -E  conftest.c
configure:2794: $? = 0
configure:2826: gcc -E  conftest.c
conftest.c:11:28: ac_nonexistent.h: No such file or directory
configure:2832: $? = 1
configure: failed program was:
| /* confdefs.h.  */
| 
| #define PACKAGE_NAME "Adll"
| #define PACKAGE_TARNAME "adll"
| #define PACKAGE_VERSION "1.0"
| #define PACKAGE_STRING "Adll 1.0"
| #define PACKAGE_BUGREPORT "audin_j@epita.fr"
| #define PACKAGE "Adll"
| #define VERSION "1.0"
| /* end confdefs.h.  */
| #include <ac_nonexistent.h>
configure:2871: result: gcc -E
configure:2895: gcc -E  conftest.c
configure:2901: $? = 0
configure:2933: gcc -E  conftest.c
conftest.c:11:28: ac_nonexistent.h: No such file or directory
configure:2939: $? = 1
configure: failed program was:
| /* confdefs.h.  */
| 
| #define PACKAGE_NAME "Adll"
| #define PACKAGE_TARNAME "adll"
| #define PACKAGE_VERSION "1.0"
| #define PACKAGE_STRING "Adll 1.0"
| #define PACKAGE_BUGREPORT "audin_j@epita.fr"
| #define PACKAGE "Adll"
| #define VERSION "1.0"
| /* end confdefs.h.  */
| #include <ac_nonexistent.h>
configure:2983: checking for egrep
configure:2993: result: grep -E
configure:3012: checking for sys/types.h
configure:3028: gcc -c -g -O2  conftest.c >&5
configure:3034: $? = 0
configure:3037: test -z 			 || test ! -s conftest.err
configure:3040: $? = 0
configure:3043: test -s conftest.o
configure:3046: $? = 0
configure:3057: result: yes
configure:3012: checking for sys/stat.h
configure:3028: gcc -c -g -O2  conftest.c >&5
configure:3034: $? = 0
configure:3037: test -z 			 || test ! -s conftest.err
configure:3040: $? = 0
configure:3043: test -s conftest.o
configure:3046: $? = 0
configure:3057: result: yes
configure:3012: checking for stdlib.h
configure:3028: gcc -c -g -O2  conftest.c >&5
configure:3034: $? = 0
configure:3037: test -z 			 || test ! -s conftest.err
configure:3040: $? = 0
configure:3043: test -s conftest.o
configure:3046: $? = 0
configure:3057: result: yes
configure:3012: checking for string.h
configure:3028: gcc -c -g -O2  conftest.c >&5
configure:3034: $? = 0
configure:3037: test -z 			 || test ! -s conftest.err
configure:3040: $? = 0
configure:3043: test -s conftest.o
configure:3046: $? = 0
configure:3057: result: yes
configure:3012: checking for memory.h
configure:3028: gcc -c -g -O2  conftest.c >&5
configure:3034: $? = 0
configure:3037: test -z 			 || test ! -s conftest.err
configure:3040: $? = 0
configure:3043: test -s conftest.o
configure:3046: $? = 0
configure:3057: result: yes
configure:3012: checking for strings.h
configure:3028: gcc -c -g -O2  conftest.c >&5
configure:3034: $? = 0
configure:3037: test -z 			 || test ! -s conftest.err
configure:3040: $? = 0
configure:3043: test -s conftest.o
configure:3046: $? = 0
configure:3057: result: yes
configure:3012: checking for inttypes.h
configure:3028: gcc -c -g -O2  conftest.c >&5
configure:3034: $? = 0
configure:3037: test -z 			 || test ! -s conftest.err
configure:3040: $? = 0
configure:3043: test -s conftest.o
configure:3046: $? = 0
configure:3057: result: yes
configure:3012: checking for stdint.h
configure:3028: gcc -c -g -O2  conftest.c >&5
configure:3034: $? = 0
configure:3037: test -z 			 || test ! -s conftest.err
configure:3040: $? = 0
configure:3043: test -s conftest.o
configure:3046: $? = 0
configure:3057: result: yes
configure:3012: checking for unistd.h
configure:3028: gcc -c -g -O2  conftest.c >&5
configure:3034: $? = 0
configure:3037: test -z 			 || test ! -s conftest.err
configure:3040: $? = 0
configure:3043: test -s conftest.o
configure:3046: $? = 0
configure:3057: result: yes
configure:3071: checking for function prototypes
configure:3074: result: yes
configure:3400: checking for an ANSI C-conforming const
configure:3467: gcc -c -g -O2  conftest.c >&5
configure:3473: $? = 0
configure:3476: test -z 			 || test ! -s conftest.err
configure:3479: $? = 0
configure:3482: test -s conftest.o
configure:3485: $? = 0
configure:3496: result: yes
configure:3506: checking for inline
configure:3527: gcc -c -g -O2  conftest.c >&5
configure:3533: $? = 0
configure:3536: test -z 			 || test ! -s conftest.err
configure:3539: $? = 0
configure:3542: test -s conftest.o
configure:3545: $? = 0
configure:3557: result: inline
configure:3590: checking for a BSD-compatible install
configure:3645: result: /usr/bin/install -c
configure:3656: checking whether make sets $(MAKE)
configure:3676: result: yes
configure:3694: checking for dirent.h that defines DIR
configure:3718: gcc -c -g -O2  conftest.c >&5
configure:3724: $? = 0
configure:3727: test -z 			 || test ! -s conftest.err
configure:3730: $? = 0
configure:3733: test -s conftest.o
configure:3736: $? = 0
configure:3747: result: yes
configure:3760: checking for library containing opendir
configure:3790: gcc -o conftest -g -O2   conftest.c  >&5
configure:3796: $? = 0
configure:3799: test -z 			 || test ! -s conftest.err
configure:3802: $? = 0
configure:3805: test -s conftest
configure:3808: $? = 0
configure:3877: result: none required
configure:4011: checking for ANSI C header files
configure:4036: gcc -c -g -O2  conftest.c >&5
configure:4042: $? = 0
configure:4045: test -z 			 || test ! -s conftest.err
configure:4048: $? = 0
configure:4051: test -s conftest.o
configure:4054: $? = 0
configure:4140: gcc -o conftest -g -O2   conftest.c  >&5
configure:4143: $? = 0
configure:4145: ./conftest
configure:4148: $? = 0
configure:4163: result: yes
configure:4173: checking for sys/wait.h that is POSIX.1 compatible
configure:4204: gcc -c -g -O2  conftest.c >&5
configure:4210: $? = 0
configure:4213: test -z 			 || test ! -s conftest.err
configure:4216: $? = 0
configure:4219: test -s conftest.o
configure:4222: $? = 0
configure:4233: result: yes
configure:4262: checking fcntl.h usability
configure:4274: gcc -c -g -O2  conftest.c >&5
configure:4280: $? = 0
configure:4283: test -z 			 || test ! -s conftest.err
configure:4286: $? = 0
configure:4289: test -s conftest.o
configure:4292: $? = 0
configure:4302: result: yes
configure:4306: checking fcntl.h presence
configure:4316: gcc -E  conftest.c
configure:4322: $? = 0
configure:4342: result: yes
configure:4377: checking for fcntl.h
configure:4384: result: yes
configure:4262: checking pty.h usability
configure:4274: gcc -c -g -O2  conftest.c >&5
configure:4280: $? = 0
configure:4283: test -z 			 || test ! -s conftest.err
configure:4286: $? = 0
configure:4289: test -s conftest.o
configure:4292: $? = 0
configure:4302: result: yes
configure:4306: checking pty.h presence
configure:4316: gcc -E  conftest.c
configure:4322: $? = 0
configure:4342: result: yes
configure:4377: checking for pty.h
configure:4384: result: yes
configure:4253: checking for strings.h
configure:4258: result: yes
configure:4262: checking sys/time.h usability
configure:4274: gcc -c -g -O2  conftest.c >&5
configure:4280: $? = 0
configure:4283: test -z 			 || test ! -s conftest.err
configure:4286: $? = 0
configure:4289: test -s conftest.o
configure:4292: $? = 0
configure:4302: result: yes
configure:4306: checking sys/time.h presence
configure:4316: gcc -E  conftest.c
configure:4322: $? = 0
configure:4342: result: yes
configure:4377: checking for sys/time.h
configure:4384: result: yes
configure:4253: checking for unistd.h
configure:4258: result: yes
configure:4253: checking for stdint.h
configure:4258: result: yes
configure:4414: checking whether NLS is requested
configure:4423: result: yes
configure:4461: checking for msgfmt
configure:4492: result: /usr/bin/msgfmt
configure:4501: checking for gmsgfmt
configure:4532: result: /usr/bin/msgfmt
configure:4571: checking for xgettext
configure:4602: result: /usr/bin/xgettext
configure:4642: checking for msgmerge
configure:4672: result: /usr/bin/msgmerge
configure:4713: checking build system type
configure:4731: result: i686-pc-linux-gnu
configure:4739: checking host system type
configure:4753: result: i686-pc-linux-gnu
configure:4762: checking for strerror in -lcposix
configure:4792: gcc -o conftest -g -O2   conftest.c -lcposix   >&5
/usr/bin/ld: cannot find -lcposix
collect2: ld returned 1 exit status
configure:4798: $? = 1
configure: failed program was:
| /* confdefs.h.  */
| 
| #define PACKAGE_NAME "Adll"
| #define PACKAGE_TARNAME "adll"
| #define PACKAGE_VERSION "1.0"
| #define PACKAGE_STRING "Adll 1.0"
| #define PACKAGE_BUGREPORT "audin_j@epita.fr"
| #define PACKAGE "Adll"
| #define VERSION "1.0"
| #define HAVE_SYS_TYPES_H 1
| #define HAVE_SYS_STAT_H 1
| #define HAVE_STDLIB_H 1
| #define HAVE_STRING_H 1
| #define HAVE_MEMORY_H 1
| #define HAVE_STRINGS_H 1
| #define HAVE_INTTYPES_H 1
| #define HAVE_STDINT_H 1
| #define HAVE_UNISTD_H 1
| #define PROTOTYPES 1
| #define HAVE_DIRENT_H 1
| #define STDC_HEADERS 1
| #define HAVE_SYS_WAIT_H 1
| #define HAVE_FCNTL_H 1
| #define HAVE_PTY_H 1
| #define HAVE_STRINGS_H 1
| #define HAVE_SYS_TIME_H 1
| #define HAVE_UNISTD_H 1
| #define HAVE_STDINT_H 1
| /* end confdefs.h.  */
| 
| /* Override any gcc2 internal prototype to avoid an error.  */
| #ifdef __cplusplus
| extern "C"
| #endif
| /* We use char because int might match the return type of a gcc2
|    builtin and then its argument prototype would still apply.  */
| char strerror ();
| int
| main ()
| {
| strerror ();
|   ;
|   return 0;
| }
configure:4823: result: no
configure:4832: checking for signed
configure:4853: gcc -c -g -O2  conftest.c >&5
configure:4859: $? = 0
configure:4862: test -z 			 || test ! -s conftest.err
configure:4865: $? = 0
configure:4868: test -s conftest.o
configure:4871: $? = 0
configure:4882: result: yes
configure:4892: checking for off_t
configure:4916: gcc -c -g -O2  conftest.c >&5
configure:4922: $? = 0
configure:4925: test -z 			 || test ! -s conftest.err
configure:4928: $? = 0
configure:4931: test -s conftest.o
configure:4934: $? = 0
configure:4945: result: yes
configure:4957: checking for size_t
configure:4981: gcc -c -g -O2  conftest.c >&5
configure:4987: $? = 0
configure:4990: test -z 			 || test ! -s conftest.err
configure:4993: $? = 0
configure:4996: test -s conftest.o
configure:4999: $? = 0
configure:5010: result: yes
configure:5023: checking for long long
configure:5045: gcc -o conftest -g -O2   conftest.c  >&5
configure:5051: $? = 0
configure:5054: test -z 			 || test ! -s conftest.err
configure:5057: $? = 0
configure:5060: test -s conftest
configure:5063: $? = 0
configure:5075: result: yes
configure:5086: checking for long double
configure:5145: result: yes
configure:5156: checking for wchar_t
configure:5178: gcc -c -g -O2  conftest.c >&5
configure:5184: $? = 0
configure:5187: test -z 			 || test ! -s conftest.err
configure:5190: $? = 0
configure:5193: test -s conftest.o
configure:5196: $? = 0
configure:5207: result: yes
configure:5218: checking for wint_t
configure:5240: gcc -c -g -O2  conftest.c >&5
configure:5246: $? = 0
configure:5249: test -z 			 || test ! -s conftest.err
configure:5252: $? = 0
configure:5255: test -s conftest.o
configure:5258: $? = 0
configure:5269: result: yes
configure:5280: checking for inttypes.h
configure:5302: gcc -c -g -O2  conftest.c >&5
configure:5308: $? = 0
configure:5311: test -z 			 || test ! -s conftest.err
configure:5314: $? = 0
configure:5317: test -s conftest.o
configure:5320: $? = 0
configure:5331: result: yes
configure:5342: checking for stdint.h
configure:5364: gcc -c -g -O2  conftest.c >&5
configure:5370: $? = 0
configure:5373: test -z 			 || test ! -s conftest.err
configure:5376: $? = 0
configure:5379: test -s conftest.o
configure:5382: $? = 0
configure:5393: result: yes
configure:5406: checking for intmax_t
configure:5436: gcc -c -g -O2  conftest.c >&5
configure:5442: $? = 0
configure:5445: test -z 			 || test ! -s conftest.err
configure:5448: $? = 0
configure:5451: test -s conftest.o
configure:5454: $? = 0
configure:5465: result: yes
configure:5477: checking whether printf() supports POSIX/XSI format strings
configure:5527: gcc -o conftest -g -O2   conftest.c  >&5
configure:5530: $? = 0
configure:5532: ./conftest
configure:5535: $? = 0
configure:5550: result: yes
configure:5564: checking for working alloca.h
configure:5585: gcc -o conftest -g -O2   conftest.c  >&5
configure:5591: $? = 0
configure:5594: test -z 			 || test ! -s conftest.err
configure:5597: $? = 0
configure:5600: test -s conftest
configure:5603: $? = 0
configure:5615: result: yes
configure:5625: checking for alloca
configure:5666: gcc -o conftest -g -O2   conftest.c  >&5
configure:5672: $? = 0
configure:5675: test -z 			 || test ! -s conftest.err
configure:5678: $? = 0
configure:5681: test -s conftest
configure:5684: $? = 0
configure:5696: result: yes
configure:5924: checking for stdlib.h
configure:5929: result: yes
configure:5924: checking for unistd.h
configure:5929: result: yes
configure:6072: checking for getpagesize
configure:6129: gcc -o conftest -g -O2   conftest.c  >&5
configure:6135: $? = 0
configure:6138: test -z 			 || test ! -s conftest.err
configure:6141: $? = 0
configure:6144: test -s conftest
configure:6147: $? = 0
configure:6159: result: yes
configure:6169: checking for working mmap
configure:6311: gcc -o conftest -g -O2   conftest.c  >&5
configure:6314: $? = 0
configure:6316: ./conftest
configure:6319: $? = 0
configure:6333: result: yes
configure:6345: checking whether we are using the GNU C Library 2.1 or newer
configure:6376: result: yes
configure:6384: checking whether integer division by zero raises SIGFPE
configure:6446: gcc -o conftest -g -O2   conftest.c  >&5
conftest.c:62: warning: built-in function `nan' declared as non-function
configure:6449: $? = 0
configure:6451: ./conftest
configure:6454: $? = 0
configure:6469: result: yes
configure:6482: checking for unsigned long long
configure:6504: gcc -o conftest -g -O2   conftest.c  >&5
configure:6510: $? = 0
configure:6513: test -z 			 || test ! -s conftest.err
configure:6516: $? = 0
configure:6519: test -s conftest
configure:6522: $? = 0
configure:6534: result: yes
configure:6566: checking for inttypes.h
configure:6589: gcc -c -g -O2  conftest.c >&5
configure:6595: $? = 0
configure:6598: test -z 			 || test ! -s conftest.err
configure:6601: $? = 0
configure:6604: test -s conftest.o
configure:6607: $? = 0
configure:6619: result: yes
configure:6632: checking whether the inttypes.h PRIxNN macros are broken
configure:6658: gcc -c -g -O2  conftest.c >&5
configure:6664: $? = 0
configure:6667: test -z 			 || test ! -s conftest.err
configure:6670: $? = 0
configure:6673: test -s conftest.o
configure:6676: $? = 0
configure:6688: result: no
configure:6705: checking for stdint.h
configure:6710: result: yes
configure:6849: checking for SIZE_MAX
configure:7896: result: yes
configure:7913: checking for stdint.h
configure:7918: result: yes
configure:8098: checking for ld used by GCC
configure:8162: result: /usr/bin/ld
configure:8171: checking if the linker (/usr/bin/ld) is GNU ld
configure:8184: result: yes
configure:8190: checking for shared library run path origin
configure:8203: result: done
configure:8609: checking for ptrdiff_t
configure:8633: gcc -c -g -O2  conftest.c >&5
configure:8639: $? = 0
configure:8642: test -z 			 || test ! -s conftest.err
configure:8645: $? = 0
configure:8648: test -s conftest.o
configure:8651: $? = 0
configure:8662: result: yes
configure:8699: checking argz.h usability
configure:8711: gcc -c -g -O2  conftest.c >&5
configure:8717: $? = 0
configure:8720: test -z 			 || test ! -s conftest.err
configure:8723: $? = 0
configure:8726: test -s conftest.o
configure:8729: $? = 0
configure:8739: result: yes
configure:8743: checking argz.h presence
configure:8753: gcc -E  conftest.c
configure:8759: $? = 0
configure:8779: result: yes
configure:8814: checking for argz.h
configure:8821: result: yes
configure:8699: checking limits.h usability
configure:8711: gcc -c -g -O2  conftest.c >&5
configure:8717: $? = 0
configure:8720: test -z 			 || test ! -s conftest.err
configure:8723: $? = 0
configure:8726: test -s conftest.o
configure:8729: $? = 0
configure:8739: result: yes
configure:8743: checking limits.h presence
configure:8753: gcc -E  conftest.c
configure:8759: $? = 0
configure:8779: result: yes
configure:8814: checking for limits.h
configure:8821: result: yes
configure:8699: checking locale.h usability
configure:8711: gcc -c -g -O2  conftest.c >&5
configure:8717: $? = 0
configure:8720: test -z 			 || test ! -s conftest.err
configure:8723: $? = 0
configure:8726: test -s conftest.o
configure:8729: $? = 0
configure:8739: result: yes
configure:8743: checking locale.h presence
configure:8753: gcc -E  conftest.c
configure:8759: $? = 0
configure:8779: result: yes
configure:8814: checking for locale.h
configure:8821: result: yes
configure:8699: checking nl_types.h usability
configure:8711: gcc -c -g -O2  conftest.c >&5
configure:8717: $? = 0
configure:8720: test -z 			 || test ! -s conftest.err
configure:8723: $? = 0
configure:8726: test -s conftest.o
configure:8729: $? = 0
configure:8739: result: yes
configure:8743: checking nl_types.h presence
configure:8753: gcc -E  conftest.c
configure:8759: $? = 0
configure:8779: result: yes
configure:8814: checking for nl_types.h
configure:8821: result: yes
configure:8699: checking malloc.h usability
configure:8711: gcc -c -g -O2  conftest.c >&5
configure:8717: $? = 0
configure:8720: test -z 			 || test ! -s conftest.err
configure:8723: $? = 0
configure:8726: test -s conftest.o
configure:8729: $? = 0
configure:8739: result: yes
configure:8743: checking malloc.h presence
configure:8753: gcc -E  conftest.c
configure:8759: $? = 0
configure:8779: result: yes
configure:8814: checking for malloc.h
configure:8821: result: yes
configure:8699: checking stddef.h usability
configure:8711: gcc -c -g -O2  conftest.c >&5
configure:8717: $? = 0
configure:8720: test -z 			 || test ! -s conftest.err
configure:8723: $? = 0
configure:8726: test -s conftest.o
configure:8729: $? = 0
configure:8739: result: yes
configure:8743: checking stddef.h presence
configure:8753: gcc -E  conftest.c
configure:8759: $? = 0
configure:8779: result: yes
configure:8814: checking for stddef.h
configure:8821: result: yes
configure:8690: checking for stdlib.h
configure:8695: result: yes
configure:8690: checking for string.h
configure:8695: result: yes
configure:8690: checking for unistd.h
configure:8695: result: yes
configure:8699: checking sys/param.h usability
configure:8711: gcc -c -g -O2  conftest.c >&5
configure:8717: $? = 0
configure:8720: test -z 			 || test ! -s conftest.err
configure:8723: $? = 0
configure:8726: test -s conftest.o
configure:8729: $? = 0
configure:8739: result: yes
configure:8743: checking sys/param.h presence
configure:8753: gcc -E  conftest.c
configure:8759: $? = 0
configure:8779: result: yes
configure:8814: checking for sys/param.h
configure:8821: result: yes
configure:8863: checking for asprintf
configure:8920: gcc -o conftest -g -O2   conftest.c  >&5
configure:8926: $? = 0
configure:8929: test -z 			 || test ! -s conftest.err
configure:8932: $? = 0
configure:8935: test -s conftest
configure:8938: $? = 0
configure:8950: result: yes
configure:8863: checking for fwprintf
configure:8920: gcc -o conftest -g -O2   conftest.c  >&5
configure:8926: $? = 0
configure:8929: test -z 			 || test ! -s conftest.err
configure:8932: $? = 0
configure:8935: test -s conftest
configure:8938: $? = 0
configure:8950: result: yes
configure:8863: checking for getcwd
configure:8920: gcc -o conftest -g -O2   conftest.c  >&5
configure:8926: $? = 0
configure:8929: test -z 			 || test ! -s conftest.err
configure:8932: $? = 0
configure:8935: test -s conftest
configure:8938: $? = 0
configure:8950: result: yes
configure:8863: checking for getegid
configure:8920: gcc -o conftest -g -O2   conftest.c  >&5
configure:8926: $? = 0
configure:8929: test -z 			 || test ! -s conftest.err
configure:8932: $? = 0
configure:8935: test -s conftest
configure:8938: $? = 0
configure:8950: result: yes
configure:8863: checking for geteuid
configure:8920: gcc -o conftest -g -O2   conftest.c  >&5
configure:8926: $? = 0
configure:8929: test -z 			 || test ! -s conftest.err
configure:8932: $? = 0
configure:8935: test -s conftest
configure:8938: $? = 0
configure:8950: result: yes
configure:8863: checking for getgid
configure:8920: gcc -o conftest -g -O2   conftest.c  >&5
configure:8926: $? = 0
configure:8929: test -z 			 || test ! -s conftest.err
configure:8932: $? = 0
configure:8935: test -s conftest
configure:8938: $? = 0
configure:8950: result: yes
configure:8863: checking for getuid
configure:8920: gcc -o conftest -g -O2   conftest.c  >&5
configure:8926: $? = 0
configure:8929: test -z 			 || test ! -s conftest.err
configure:8932: $? = 0
configure:8935: test -s conftest
configure:8938: $? = 0
configure:8950: result: yes
configure:8863: checking for mempcpy
configure:8920: gcc -o conftest -g -O2   conftest.c  >&5
configure:8926: $? = 0
configure:8929: test -z 			 || test ! -s conftest.err
configure:8932: $? = 0
configure:8935: test -s conftest
configure:8938: $? = 0
configure:8950: result: yes
configure:8863: checking for munmap
configure:8920: gcc -o conftest -g -O2   conftest.c  >&5
configure:8926: $? = 0
configure:8929: test -z 			 || test ! -s conftest.err
configure:8932: $? = 0
configure:8935: test -s conftest
configure:8938: $? = 0
configure:8950: result: yes
configure:8863: checking for putenv
configure:8920: gcc -o conftest -g -O2   conftest.c  >&5
configure:8926: $? = 0
configure:8929: test -z 			 || test ! -s conftest.err
configure:8932: $? = 0
configure:8935: test -s conftest
configure:8938: $? = 0
configure:8950: result: yes
configure:8863: checking for setenv
configure:8920: gcc -o conftest -g -O2   conftest.c  >&5
configure:8926: $? = 0
configure:8929: test -z 			 || test ! -s conftest.err
configure:8932: $? = 0
configure:8935: test -s conftest
configure:8938: $? = 0
configure:8950: result: yes
configure:8863: checking for setlocale
configure:8920: gcc -o conftest -g -O2   conftest.c  >&5
configure:8926: $? = 0
configure:8929: test -z 			 || test ! -s conftest.err
configure:8932: $? = 0
configure:8935: test -s conftest
configure:8938: $? = 0
configure:8950: result: yes
configure:8863: checking for snprintf
configure:8920: gcc -o conftest -g -O2   conftest.c  >&5
conftest.c:96: warning: conflicting types for built-in function `snprintf'
configure:8926: $? = 0
configure:8929: test -z 			 || test ! -s conftest.err
configure:8932: $? = 0
configure:8935: test -s conftest
configure:8938: $? = 0
configure:8950: result: yes
configure:8863: checking for stpcpy
configure:8920: gcc -o conftest -g -O2   conftest.c  >&5
configure:8926: $? = 0
configure:8929: test -z 			 || test ! -s conftest.err
configure:8932: $? = 0
configure:8935: test -s conftest
configure:8938: $? = 0
configure:8950: result: yes
configure:8863: checking for strcasecmp
configure:8920: gcc -o conftest -g -O2   conftest.c  >&5
configure:8926: $? = 0
configure:8929: test -z 			 || test ! -s conftest.err
configure:8932: $? = 0
configure:8935: test -s conftest
configure:8938: $? = 0
configure:8950: result: yes
configure:8863: checking for strdup
configure:8920: gcc -o conftest -g -O2   conftest.c  >&5
configure:8926: $? = 0
configure:8929: test -z 			 || test ! -s conftest.err
configure:8932: $? = 0
configure:8935: test -s conftest
configure:8938: $? = 0
configure:8950: result: yes
configure:8863: checking for strtoul
configure:8920: gcc -o conftest -g -O2   conftest.c  >&5
configure:8926: $? = 0
configure:8929: test -z 			 || test ! -s conftest.err
configure:8932: $? = 0
configure:8935: test -s conftest
configure:8938: $? = 0
configure:8950: result: yes
configure:8863: checking for tsearch
configure:8920: gcc -o conftest -g -O2   conftest.c  >&5
configure:8926: $? = 0
configure:8929: test -z 			 || test ! -s conftest.err
configure:8932: $? = 0
configure:8935: test -s conftest
configure:8938: $? = 0
configure:8950: result: yes
configure:8863: checking for wcslen
configure:8920: gcc -o conftest -g -O2   conftest.c  >&5
configure:8926: $? = 0
configure:8929: test -z 			 || test ! -s conftest.err
configure:8932: $? = 0
configure:8935: test -s conftest
configure:8938: $? = 0
configure:8950: result: yes
configure:8863: checking for __argz_count
configure:8920: gcc -o conftest -g -O2   conftest.c  >&5
configure:8926: $? = 0
configure:8929: test -z 			 || test ! -s conftest.err
configure:8932: $? = 0
configure:8935: test -s conftest
configure:8938: $? = 0
configure:8950: result: yes
configure:8863: checking for __argz_stringify
configure:8920: gcc -o conftest -g -O2   conftest.c  >&5
configure:8926: $? = 0
configure:8929: test -z 			 || test ! -s conftest.err
configure:8932: $? = 0
configure:8935: test -s conftest
configure:8938: $? = 0
configure:8950: result: yes
configure:8863: checking for __argz_next
configure:8920: gcc -o conftest -g -O2   conftest.c  >&5
configure:8926: $? = 0
configure:8929: test -z 			 || test ! -s conftest.err
configure:8932: $? = 0
configure:8935: test -s conftest
configure:8938: $? = 0
configure:8950: result: yes
configure:8863: checking for __fsetlocking
configure:8920: gcc -o conftest -g -O2   conftest.c  >&5
configure:8926: $? = 0
configure:8929: test -z 			 || test ! -s conftest.err
configure:8932: $? = 0
configure:8935: test -s conftest
configure:8938: $? = 0
configure:8950: result: yes
configure:8962: checking whether _snprintf is declared
configure:8987: gcc -c -g -O2  conftest.c >&5
conftest.c: In function `main':
conftest.c:89: error: `_snprintf' undeclared (first use in this function)
conftest.c:89: error: (Each undeclared identifier is reported only once
conftest.c:89: error: for each function it appears in.)
configure:8993: $? = 1
configure: failed program was:
| /* confdefs.h.  */
| 
| #define PACKAGE_NAME "Adll"
| #define PACKAGE_TARNAME "adll"
| #define PACKAGE_VERSION "1.0"
| #define PACKAGE_STRING "Adll 1.0"
| #define PACKAGE_BUGREPORT "audin_j@epita.fr"
| #define PACKAGE "Adll"
| #define VERSION "1.0"
| #define HAVE_SYS_TYPES_H 1
| #define HAVE_SYS_STAT_H 1
| #define HAVE_STDLIB_H 1
| #define HAVE_STRING_H 1
| #define HAVE_MEMORY_H 1
| #define HAVE_STRINGS_H 1
| #define HAVE_INTTYPES_H 1
| #define HAVE_STDINT_H 1
| #define HAVE_UNISTD_H 1
| #define PROTOTYPES 1
| #define HAVE_DIRENT_H 1
| #define STDC_HEADERS 1
| #define HAVE_SYS_WAIT_H 1
| #define HAVE_FCNTL_H 1
| #define HAVE_PTY_H 1
| #define HAVE_STRINGS_H 1
| #define HAVE_SYS_TIME_H 1
| #define HAVE_UNISTD_H 1
| #define HAVE_STDINT_H 1
| #define HAVE_LONG_LONG 1
| #define HAVE_LONG_DOUBLE 1
| #define HAVE_WCHAR_T 1
| #define HAVE_WINT_T 1
| #define HAVE_INTTYPES_H_WITH_UINTMAX 1
| #define HAVE_STDINT_H_WITH_UINTMAX 1
| #define HAVE_INTMAX_T 1
| #define HAVE_POSIX_PRINTF 1
| #define HAVE_ALLOCA_H 1
| #define HAVE_ALLOCA 1
| #define HAVE_STDLIB_H 1
| #define HAVE_UNISTD_H 1
| #define HAVE_GETPAGESIZE 1
| #define HAVE_MMAP 1
| #define INTDIV0_RAISES_SIGFPE 1
| #define HAVE_UNSIGNED_LONG_LONG 1
| #define HAVE_UINTMAX_T 1
| #define HAVE_INTTYPES_H 1
| #define HAVE_STDINT_H 1
| #define HAVE_STDINT_H 1
| #define HAVE_ARGZ_H 1
| #define HAVE_LIMITS_H 1
| #define HAVE_LOCALE_H 1
| #define HAVE_NL_TYPES_H 1
| #define HAVE_MALLOC_H 1
| #define HAVE_STDDEF_H 1
| #define HAVE_STDLIB_H 1
| #define HAVE_STRING_H 1
| #define HAVE_UNISTD_H 1
| #define HAVE_SYS_PARAM_H 1
| #define HAVE_ASPRINTF 1
| #define HAVE_FWPRINTF 1
| #define HAVE_GETCWD 1
| #define HAVE_GETEGID 1
| #define HAVE_GETEUID 1
| #define HAVE_GETGID 1
| #define HAVE_GETUID 1
| #define HAVE_MEMPCPY 1
| #define HAVE_MUNMAP 1
| #define HAVE_PUTENV 1
| #define HAVE_SETENV 1
| #define HAVE_SETLOCALE 1
| #define HAVE_SNPRINTF 1
| #define HAVE_STPCPY 1
| #define HAVE_STRCASECMP 1
| #define HAVE_STRDUP 1
| #define HAVE_STRTOUL 1
| #define HAVE_TSEARCH 1
| #define HAVE_WCSLEN 1
| #define HAVE___ARGZ_COUNT 1
| #define HAVE___ARGZ_STRINGIFY 1
| #define HAVE___ARGZ_NEXT 1
| #define HAVE___FSETLOCKING 1
| /* end confdefs.h.  */
| #include <stdio.h>
| int
| main ()
| {
| 
| #ifndef _snprintf
|   char *p = (char *) _snprintf;
| #endif
| 
|   ;
|   return 0;
| }
configure:9016: result: no
configure:9030: checking whether _snwprintf is declared
configure:9055: gcc -c -g -O2  conftest.c >&5
conftest.c: In function `main':
conftest.c:90: error: `_snwprintf' undeclared (first use in this function)
conftest.c:90: error: (Each undeclared identifier is reported only once
conftest.c:90: error: for each function it appears in.)
configure:9061: $? = 1
configure: failed program was:
| /* confdefs.h.  */
| 
| #define PACKAGE_NAME "Adll"
| #define PACKAGE_TARNAME "adll"
| #define PACKAGE_VERSION "1.0"
| #define PACKAGE_STRING "Adll 1.0"
| #define PACKAGE_BUGREPORT "audin_j@epita.fr"
| #define PACKAGE "Adll"
| #define VERSION "1.0"
| #define HAVE_SYS_TYPES_H 1
| #define HAVE_SYS_STAT_H 1
| #define HAVE_STDLIB_H 1
| #define HAVE_STRING_H 1
| #define HAVE_MEMORY_H 1
| #define HAVE_STRINGS_H 1
| #define HAVE_INTTYPES_H 1
| #define HAVE_STDINT_H 1
| #define HAVE_UNISTD_H 1
| #define PROTOTYPES 1
| #define HAVE_DIRENT_H 1
| #define STDC_HEADERS 1
| #define HAVE_SYS_WAIT_H 1
| #define HAVE_FCNTL_H 1
| #define HAVE_PTY_H 1
| #define HAVE_STRINGS_H 1
| #define HAVE_SYS_TIME_H 1
| #define HAVE_UNISTD_H 1
| #define HAVE_STDINT_H 1
| #define HAVE_LONG_LONG 1
| #define HAVE_LONG_DOUBLE 1
| #define HAVE_WCHAR_T 1
| #define HAVE_WINT_T 1
| #define HAVE_INTTYPES_H_WITH_UINTMAX 1
| #define HAVE_STDINT_H_WITH_UINTMAX 1
| #define HAVE_INTMAX_T 1
| #define HAVE_POSIX_PRINTF 1
| #define HAVE_ALLOCA_H 1
| #define HAVE_ALLOCA 1
| #define HAVE_STDLIB_H 1
| #define HAVE_UNISTD_H 1
| #define HAVE_GETPAGESIZE 1
| #define HAVE_MMAP 1
| #define INTDIV0_RAISES_SIGFPE 1
| #define HAVE_UNSIGNED_LONG_LONG 1
| #define HAVE_UINTMAX_T 1
| #define HAVE_INTTYPES_H 1
| #define HAVE_STDINT_H 1
| #define HAVE_STDINT_H 1
| #define HAVE_ARGZ_H 1
| #define HAVE_LIMITS_H 1
| #define HAVE_LOCALE_H 1
| #define HAVE_NL_TYPES_H 1
| #define HAVE_MALLOC_H 1
| #define HAVE_STDDEF_H 1
| #define HAVE_STDLIB_H 1
| #define HAVE_STRING_H 1
| #define HAVE_UNISTD_H 1
| #define HAVE_SYS_PARAM_H 1
| #define HAVE_ASPRINTF 1
| #define HAVE_FWPRINTF 1
| #define HAVE_GETCWD 1
| #define HAVE_GETEGID 1
| #define HAVE_GETEUID 1
| #define HAVE_GETGID 1
| #define HAVE_GETUID 1
| #define HAVE_MEMPCPY 1
| #define HAVE_MUNMAP 1
| #define HAVE_PUTENV 1
| #define HAVE_SETENV 1
| #define HAVE_SETLOCALE 1
| #define HAVE_SNPRINTF 1
| #define HAVE_STPCPY 1
| #define HAVE_STRCASECMP 1
| #define HAVE_STRDUP 1
| #define HAVE_STRTOUL 1
| #define HAVE_TSEARCH 1
| #define HAVE_WCSLEN 1
| #define HAVE___ARGZ_COUNT 1
| #define HAVE___ARGZ_STRINGIFY 1
| #define HAVE___ARGZ_NEXT 1
| #define HAVE___FSETLOCKING 1
| #define HAVE_DECL__SNPRINTF 0
| /* end confdefs.h.  */
| #include <stdio.h>
| int
| main ()
| {
| 
| #ifndef _snwprintf
|   char *p = (char *) _snwprintf;
| #endif
| 
|   ;
|   return 0;
| }
configure:9084: result: no
configure:9099: checking whether feof_unlocked is declared
configure:9124: gcc -c -g -O2  conftest.c >&5
configure:9130: $? = 0
configure:9133: test -z 			 || test ! -s conftest.err
configure:9136: $? = 0
configure:9139: test -s conftest.o
configure:9142: $? = 0
configure:9153: result: yes
configure:9167: checking whether fgets_unlocked is declared
configure:9192: gcc -c -g -O2  conftest.c >&5
conftest.c: In function `main':
conftest.c:92: error: `fgets_unlocked' undeclared (first use in this function)
conftest.c:92: error: (Each undeclared identifier is reported only once
conftest.c:92: error: for each function it appears in.)
configure:9198: $? = 1
configure: failed program was:
| /* confdefs.h.  */
| 
| #define PACKAGE_NAME "Adll"
| #define PACKAGE_TARNAME "adll"
| #define PACKAGE_VERSION "1.0"
| #define PACKAGE_STRING "Adll 1.0"
| #define PACKAGE_BUGREPORT "audin_j@epita.fr"
| #define PACKAGE "Adll"
| #define VERSION "1.0"
| #define HAVE_SYS_TYPES_H 1
| #define HAVE_SYS_STAT_H 1
| #define HAVE_STDLIB_H 1
| #define HAVE_STRING_H 1
| #define HAVE_MEMORY_H 1
| #define HAVE_STRINGS_H 1
| #define HAVE_INTTYPES_H 1
| #define HAVE_STDINT_H 1
| #define HAVE_UNISTD_H 1
| #define PROTOTYPES 1
| #define HAVE_DIRENT_H 1
| #define STDC_HEADERS 1
| #define HAVE_SYS_WAIT_H 1
| #define HAVE_FCNTL_H 1
| #define HAVE_PTY_H 1
| #define HAVE_STRINGS_H 1
| #define HAVE_SYS_TIME_H 1
| #define HAVE_UNISTD_H 1
| #define HAVE_STDINT_H 1
| #define HAVE_LONG_LONG 1
| #define HAVE_LONG_DOUBLE 1
| #define HAVE_WCHAR_T 1
| #define HAVE_WINT_T 1
| #define HAVE_INTTYPES_H_WITH_UINTMAX 1
| #define HAVE_STDINT_H_WITH_UINTMAX 1
| #define HAVE_INTMAX_T 1
| #define HAVE_POSIX_PRINTF 1
| #define HAVE_ALLOCA_H 1
| #define HAVE_ALLOCA 1
| #define HAVE_STDLIB_H 1
| #define HAVE_UNISTD_H 1
| #define HAVE_GETPAGESIZE 1
| #define HAVE_MMAP 1
| #define INTDIV0_RAISES_SIGFPE 1
| #define HAVE_UNSIGNED_LONG_LONG 1
| #define HAVE_UINTMAX_T 1
| #define HAVE_INTTYPES_H 1
| #define HAVE_STDINT_H 1
| #define HAVE_STDINT_H 1
| #define HAVE_ARGZ_H 1
| #define HAVE_LIMITS_H 1
| #define HAVE_LOCALE_H 1
| #define HAVE_NL_TYPES_H 1
| #define HAVE_MALLOC_H 1
| #define HAVE_STDDEF_H 1
| #define HAVE_STDLIB_H 1
| #define HAVE_STRING_H 1
| #define HAVE_UNISTD_H 1
| #define HAVE_SYS_PARAM_H 1
| #define HAVE_ASPRINTF 1
| #define HAVE_FWPRINTF 1
| #define HAVE_GETCWD 1
| #define HAVE_GETEGID 1
| #define HAVE_GETEUID 1
| #define HAVE_GETGID 1
| #define HAVE_GETUID 1
| #define HAVE_MEMPCPY 1
| #define HAVE_MUNMAP 1
| #define HAVE_PUTENV 1
| #define HAVE_SETENV 1
| #define HAVE_SETLOCALE 1
| #define HAVE_SNPRINTF 1
| #define HAVE_STPCPY 1
| #define HAVE_STRCASECMP 1
| #define HAVE_STRDUP 1
| #define HAVE_STRTOUL 1
| #define HAVE_TSEARCH 1
| #define HAVE_WCSLEN 1
| #define HAVE___ARGZ_COUNT 1
| #define HAVE___ARGZ_STRINGIFY 1
| #define HAVE___ARGZ_NEXT 1
| #define HAVE___FSETLOCKING 1
| #define HAVE_DECL__SNPRINTF 0
| #define HAVE_DECL__SNWPRINTF 0
| #define HAVE_DECL_FEOF_UNLOCKED 1
| /* end confdefs.h.  */
| #include <stdio.h>
| int
| main ()
| {
| 
| #ifndef fgets_unlocked
|   char *p = (char *) fgets_unlocked;
| #endif
| 
|   ;
|   return 0;
| }
configure:9221: result: no
configure:9235: checking whether getc_unlocked is declared
configure:9260: gcc -c -g -O2  conftest.c >&5
configure:9266: $? = 0
configure:9269: test -z 			 || test ! -s conftest.err
configure:9272: $? = 0
configure:9275: test -s conftest.o
configure:9278: $? = 0
configure:9289: result: yes
configure:9357: checking for iconv
configure:9384: gcc -o conftest -g -O2   conftest.c  >&5
configure:9390: $? = 0
configure:9393: test -z 			 || test ! -s conftest.err
configure:9396: $? = 0
configure:9399: test -s conftest
configure:9402: $? = 0
configure:9467: result: yes
configure:9490: checking for iconv declaration
configure:9524: gcc -c -g -O2  conftest.c >&5
configure:9530: $? = 0
configure:9533: test -z 			 || test ! -s conftest.err
configure:9536: $? = 0
configure:9539: test -s conftest.o
configure:9542: $? = 0
configure:9557: result: 
         extern size_t iconv (iconv_t cd, char * *inbuf, size_t *inbytesleft, char * *outbuf, size_t *outbytesleft);
configure:9568: checking for nl_langinfo and CODESET
configure:9589: gcc -o conftest -g -O2   conftest.c  >&5
configure:9595: $? = 0
configure:9598: test -z 			 || test ! -s conftest.err
configure:9601: $? = 0
configure:9604: test -s conftest
configure:9607: $? = 0
configure:9620: result: yes
configure:9632: checking for LC_MESSAGES
configure:9653: gcc -o conftest -g -O2   conftest.c  >&5
configure:9659: $? = 0
configure:9662: test -z 			 || test ! -s conftest.err
configure:9665: $? = 0
configure:9668: test -s conftest
configure:9671: $? = 0
configure:9683: result: yes
configure:9699: checking for bison
configure:9715: found /usr/bin/bison
configure:9725: result: bison
configure:9738: checking version of bison
configure:9747: result: 1.875, ok
configure:9769: checking whether NLS is requested
configure:9778: result: yes
configure:9794: checking whether included gettext is requested
configure:9804: result: no
configure:9815: checking for GNU gettext in libc
configure:9839: gcc -o conftest -g -O2   conftest.c  >&5
configure:9845: $? = 0
configure:9848: test -z 			 || test ! -s conftest.err
configure:9851: $? = 0
configure:9854: test -s conftest
configure:9857: $? = 0
configure:9869: result: yes
configure:10420: checking whether to use NLS
configure:10422: result: yes
configure:10425: checking where the gettext function comes from
configure:10436: result: libc
configure:10541: checking for strdup
configure:10628: result: yes
configure:10541: checking for printf
configure:10598: gcc -o conftest -g -O2   conftest.c  >&5
conftest.c:121: warning: conflicting types for built-in function `printf'
configure:10604: $? = 0
configure:10607: test -z 			 || test ! -s conftest.err
configure:10610: $? = 0
configure:10613: test -s conftest
configure:10616: $? = 0
configure:10628: result: yes
configure:10541: checking for vsprintf
configure:10598: gcc -o conftest -g -O2   conftest.c  >&5
conftest.c:122: warning: conflicting types for built-in function `vsprintf'
configure:10604: $? = 0
configure:10607: test -z 			 || test ! -s conftest.err
configure:10610: $? = 0
configure:10613: test -s conftest
configure:10616: $? = 0
configure:10628: result: yes
configure:10643: checking for getopt_long
configure:10700: gcc -o conftest -g -O2   conftest.c  >&5
configure:10706: $? = 0
configure:10709: test -z 			 || test ! -s conftest.err
configure:10712: $? = 0
configure:10715: test -s conftest
configure:10718: $? = 0
configure:10730: result: yes
configure:10784: checking for pkg-config
configure:10802: found /usr/bin/pkg-config
configure:10815: result: /usr/bin/pkg-config
configure:10836: checking for GTK+ - version >= 2.4.0
configure:10951: gcc -o conftest -g -O2 -DXTHREADS -I/usr/include/gtk-2.0 -I/usr/lib/gtk-2.0/include -I/usr/X11R6/include -I/usr/include/atk-1.0 -I/usr/include/pango-1.0 -I/usr/include/freetype2 -I/usr/include/glib-2.0 -I/usr/lib/glib-2.0/include     conftest.c -Wl,--export-dynamic -lgtk-x11-2.0 -lgdk-x11-2.0 -latk-1.0 -lgdk_pixbuf-2.0 -lm -lpangoxft-1.0 -lpangox-1.0 -lpango-1.0 -lgobject-2.0 -lgmodule-2.0 -ldl -lglib-2.0    >&5
configure:10954: $? = 0
configure:10956: ./conftest
configure:10959: $? = 0
configure:10977: result: yes (version 2.6.2)
configure:11129: checking for libxml-2.0 >= 2.4
configure:11133: result: yes
configure:11137: checking xml_CFLAGS
configure:11140: result: -I/usr/include/libxml2  
configure:11143: checking xml_LIBS
configure:11146: result: -lxml2 -lpthread -lz -lm  
configure:11176: checking for doxygen
configure:11207: result: no
configure:11320: creating ./config.status

## ---------------------- ##
## Running config.status. ##
## ---------------------- ##

This file was extended by Adll config.status 1.0, which was
generated by GNU Autoconf 2.59.  Invocation command line was

  CONFIG_FILES    = 
  CONFIG_HEADERS  = 
  CONFIG_LINKS    = 
  CONFIG_COMMANDS = 
  $ ./config.status 

on debianrulz

config.status:773: creating Makefile
config.status:773: creating Doxyfile
config.status:773: creating intl/Makefile
config.status:773: creating m4/Makefile
config.status:773: creating po/Makefile.in
config.status:773: creating src/Makefile
config.status:773: creating include/Makefile
config.status:773: creating lib/Makefile
config.status:773: creating lib/dlist/Makefile
config.status:773: creating lib/ntree/Makefile
config.status:839: creating config.h
config.status:1297: executing default-1 commands
config.status:1297: executing default-2 commands

## ---------------- ##
## Cache variables. ##
## ---------------- ##

ac_cv_build=i686-pc-linux-gnu
ac_cv_build_alias=i686-pc-linux-gnu
ac_cv_c_compiler_gnu=yes
ac_cv_c_const=yes
ac_cv_c_inline=inline
ac_cv_env_CC_set=
ac_cv_env_CC_value=
ac_cv_env_CFLAGS_set=
ac_cv_env_CFLAGS_value=
ac_cv_env_CPPFLAGS_set=
ac_cv_env_CPPFLAGS_value=
ac_cv_env_CPP_set=
ac_cv_env_CPP_value=
ac_cv_env_LDFLAGS_set=
ac_cv_env_LDFLAGS_value=
ac_cv_env_build_alias_set=
ac_cv_env_build_alias_value=
ac_cv_env_host_alias_set=
ac_cv_env_host_alias_value=
ac_cv_env_target_alias_set=
ac_cv_env_target_alias_value=
ac_cv_exeext=
ac_cv_func___argz_count=yes
ac_cv_func___argz_next=yes
ac_cv_func___argz_stringify=yes
ac_cv_func___fsetlocking=yes
ac_cv_func_alloca_works=yes
ac_cv_func_asprintf=yes
ac_cv_func_fwprintf=yes
ac_cv_func_getcwd=yes
ac_cv_func_getegid=yes
ac_cv_func_geteuid=yes
ac_cv_func_getgid=yes
ac_cv_func_getopt_long=yes
ac_cv_func_getpagesize=yes
ac_cv_func_getuid=yes
ac_cv_func_mempcpy=yes
ac_cv_func_mmap_fixed_mapped=yes
ac_cv_func_munmap=yes
ac_cv_func_printf=yes
ac_cv_func_putenv=yes
ac_cv_func_setenv=yes
ac_cv_func_setlocale=yes
ac_cv_func_snprintf=yes
ac_cv_func_stpcpy=yes
ac_cv_func_strcasecmp=yes
ac_cv_func_strdup=yes
ac_cv_func_strtoul=yes
ac_cv_func_tsearch=yes
ac_cv_func_vsprintf=yes
ac_cv_func_wcslen=yes
ac_cv_gnu_library_2_1=yes
ac_cv_have_decl__snprintf=no
ac_cv_have_decl__snwprintf=no
ac_cv_have_decl_feof_unlocked=yes
ac_cv_have_decl_fgets_unlocked=no
ac_cv_have_decl_getc_unlocked=yes
ac_cv_header_argz_h=yes
ac_cv_header_dirent_dirent_h=yes
ac_cv_header_fcntl_h=yes
ac_cv_header_inttypes_h=yes
ac_cv_header_limits_h=yes
ac_cv_header_locale_h=yes
ac_cv_header_malloc_h=yes
ac_cv_header_memory_h=yes
ac_cv_header_nl_types_h=yes
ac_cv_header_pty_h=yes
ac_cv_header_stdc=yes
ac_cv_header_stddef_h=yes
ac_cv_header_stdint_h=yes
ac_cv_header_stdlib_h=yes
ac_cv_header_string_h=yes
ac_cv_header_strings_h=yes
ac_cv_header_sys_param_h=yes
ac_cv_header_sys_stat_h=yes
ac_cv_header_sys_time_h=yes
ac_cv_header_sys_types_h=yes
ac_cv_header_sys_wait_h=yes
ac_cv_header_unistd_h=yes
ac_cv_host=i686-pc-linux-gnu
ac_cv_host_alias=i686-pc-linux-gnu
ac_cv_lib_cposix_strerror=no
ac_cv_objext=o
ac_cv_path_DOXYGEN=no
ac_cv_path_GMSGFMT=/usr/bin/msgfmt
ac_cv_path_MSGFMT=/usr/bin/msgfmt
ac_cv_path_MSGMERGE=/usr/bin/msgmerge
ac_cv_path_PKG_CONFIG=/usr/bin/pkg-config
ac_cv_path_XGETTEXT=/usr/bin/xgettext
ac_cv_path_install='/usr/bin/install -c'
ac_cv_prog_CPP='gcc -E'
ac_cv_prog_INTLBISON=bison
ac_cv_prog_ac_ct_CC=gcc
ac_cv_prog_ac_ct_RANLIB=ranlib
ac_cv_prog_cc_g=yes
ac_cv_prog_cc_stdc=
ac_cv_prog_egrep='grep -E'
ac_cv_prog_make_make_set=yes
ac_cv_search_opendir='none required'
ac_cv_type_long_long=yes
ac_cv_type_off_t=yes
ac_cv_type_ptrdiff_t=yes
ac_cv_type_size_t=yes
ac_cv_type_unsigned_long_long=yes
ac_cv_working_alloca_h=yes
acl_cv_hardcode_direct=no
acl_cv_hardcode_libdir_flag_spec='${wl}-rpath ${wl}$libdir'
acl_cv_hardcode_libdir_separator=
acl_cv_hardcode_minus_L=no
acl_cv_libext=a
acl_cv_path_LD=/usr/bin/ld
acl_cv_prog_gnu_ld=yes
acl_cv_rpath=done
acl_cv_shlibext=so
acl_cv_wl=-Wl,
am_cv_func_iconv=yes
am_cv_langinfo_codeset=yes
am_cv_lib_iconv=no
am_cv_prog_cc_stdc=
am_cv_proto_iconv='extern size_t iconv (iconv_t cd, char * *inbuf, size_t *inbytesleft, char * *outbuf, size_t *outbytesleft);'
am_cv_proto_iconv_arg1=
am_cv_val_LC_MESSAGES=yes
bh_cv_c_signed=yes
gt_cv_c_intmax_t=yes
gt_cv_c_long_double=yes
gt_cv_c_wchar_t=yes
gt_cv_c_wint_t=yes
gt_cv_func_gnugettext1_libc=yes
gt_cv_func_printf_posix=yes
gt_cv_header_inttypes_h=yes
gt_cv_int_divbyzero_sigfpe=yes
gt_cv_inttypes_pri_broken=no
jm_ac_cv_header_inttypes_h=yes
jm_ac_cv_header_stdint_h=yes
nls_cv_force_use_gnu_gettext=no
nls_cv_header_intl=
nls_cv_header_libgt=
nls_cv_use_gnu_gettext=no

## ----------------- ##
## Output variables. ##
## ----------------- ##

ACLOCAL='/home/dz/proj/pfe/adll/linux2/missing aclocal-1.4'
ALLOCA=''
ANSI2KNR=''
AUTOCONF='autoconf'
AUTOHEADER='autoheader'
AUTOMAKE='/home/dz/proj/pfe/adll/linux2/missing automake-1.4'
BUILD_INCLUDED_LIBINTL='no'
CATOBJEXT='.gmo'
CC='gcc'
CFLAGS='-g -O2'
CPP='gcc -E'
CPPFLAGS=''
DATADIRNAME='share'
DEFS='-DHAVE_CONFIG_H'
DOXYGEN='no'
ECHO_C=''
ECHO_N='-n'
ECHO_T=''
EGREP='grep -E'
EXEEXT=''
GENCAT='gencat'
GETTEXT_PACKAGE='Adll'
GLIBC21='yes'
GMSGFMT='/usr/bin/msgfmt'
GTK_CFLAGS='-DXTHREADS -I/usr/include/gtk-2.0 -I/usr/lib/gtk-2.0/include -I/usr/X11R6/include -I/usr/include/atk-1.0 -I/usr/include/pango-1.0 -I/usr/include/freetype2 -I/usr/include/glib-2.0 -I/usr/lib/glib-2.0/include  '
GTK_LIBS='-Wl,--export-dynamic -lgtk-x11-2.0 -lgdk-x11-2.0 -latk-1.0 -lgdk_pixbuf-2.0 -lm -lpangoxft-1.0 -lpangox-1.0 -lpango-1.0 -lgobject-2.0 -lgmodule-2.0 -ldl -lglib-2.0  '
HAVE_ASPRINTF='1'
HAVE_POSIX_PRINTF='1'
HAVE_SNPRINTF='1'
HAVE_WPRINTF='0'
INSTALL_DATA='${INSTALL} -m 644'
INSTALL_PROGRAM='${INSTALL}'
INSTALL_SCRIPT='${INSTALL}'
INSTOBJEXT='.mo'
INTLBISON='bison'
INTLLIBS=''
INTLOBJS=''
INTL_LIBTOOL_SUFFIX_PREFIX=''
LDFLAGS=''
LIBICONV=''
LIBINTL=''
LIBOBJS=''
LIBS=''
LTLIBICONV=''
LTLIBINTL=''
LTLIBOBJS=''
MAKEINFO='makeinfo'
MKINSTALLDIRS='$(top_builddir)/./mkinstalldirs'
MSGFMT='/usr/bin/msgfmt'
MSGMERGE='/usr/bin/msgmerge'
OBJEXT='o'
PACKAGE='Adll'
PACKAGE_BUGREPORT='audin_j@epita.fr'
PACKAGE_NAME='Adll'
PACKAGE_STRING='Adll 1.0'
PACKAGE_TARNAME='adll'
PACKAGE_VERSION='1.0'
PATH_SEPARATOR=':'
PKG_CONFIG='/usr/bin/pkg-config'
POSUB='po'
RANLIB='ranlib'
SET_MAKE=''
SHELL='/bin/sh'
U=''
UI_SOURCE='ui.o callbacks.o'
USE_INCLUDED_LIBINTL='no'
USE_NLS='yes'
VERSION='1.0'
XGETTEXT='/usr/bin/xgettext'
ac_ct_CC='gcc'
ac_ct_RANLIB='ranlib'
bindir='${exec_prefix}/bin'
build='i686-pc-linux-gnu'
build_alias=''
build_cpu='i686'
build_os='linux-gnu'
build_vendor='pc'
datadir='${prefix}/share'
exec_prefix='${prefix}'
host='i686-pc-linux-gnu'
host_alias=''
host_cpu='i686'
host_os='linux-gnu'
host_vendor='pc'
includedir='${prefix}/include'
infodir='${prefix}/info'
libdir='${exec_prefix}/lib'
libexecdir='${exec_prefix}/libexec'
localedir='${prefix}/share/locale'
localstatedir='${prefix}/var'
mandir='${prefix}/man'
oldincludedir='/usr/include'
prefix='/usr/local'
program_transform_name='s,x,x,'
sbindir='${exec_prefix}/sbin'
sharedstatedir='${prefix}/com'
sysconfdir='${prefix}/etc'
target_alias=''
xml_CFLAGS='-I/usr/include/libxml2  '
xml_LIBS='-lxml2 -lpthread -lz -lm  '

## ----------- ##
## confdefs.h. ##
## ----------- ##

#define ENABLE_NLS 1
#define GETTEXT_PACKAGE "Adll"
#define HAVE_ALLOCA 1
#define HAVE_ALLOCA_H 1
#define HAVE_ARGZ_H 1
#define HAVE_ASPRINTF 1
#define HAVE_DCGETTEXT 1
#define HAVE_DECL_FEOF_UNLOCKED 1
#define HAVE_DECL_FGETS_UNLOCKED 0
#define HAVE_DECL_GETC_UNLOCKED 1
#define HAVE_DECL__SNPRINTF 0
#define HAVE_DECL__SNWPRINTF 0
#define HAVE_DIRENT_H 1
#define HAVE_FCNTL_H 1
#define HAVE_FWPRINTF 1
#define HAVE_GETCWD 1
#define HAVE_GETEGID 1
#define HAVE_GETEUID 1
#define HAVE_GETGID 1
#define HAVE_GETOPT_LONG 1
#define HAVE_GETPAGESIZE 1
#define HAVE_GETTEXT 1
#define HAVE_GETUID 1
#define HAVE_ICONV 1
#define HAVE_INTMAX_T 1
#define HAVE_INTTYPES_H 1
#define HAVE_INTTYPES_H 1
#define HAVE_INTTYPES_H_WITH_UINTMAX 1
#define HAVE_LANGINFO_CODESET 1
#define HAVE_LC_MESSAGES 1
#define HAVE_LIMITS_H 1
#define HAVE_LOCALE_H 1
#define HAVE_LONG_DOUBLE 1
#define HAVE_LONG_LONG 1
#define HAVE_MALLOC_H 1
#define HAVE_MEMORY_H 1
#define HAVE_MEMPCPY 1
#define HAVE_MMAP 1
#define HAVE_MUNMAP 1
#define HAVE_NL_TYPES_H 1
#define HAVE_POSIX_PRINTF 1
#define HAVE_PRINTF 1
#define HAVE_PTY_H 1
#define HAVE_PUTENV 1
#define HAVE_SETENV 1
#define HAVE_SETLOCALE 1
#define HAVE_SNPRINTF 1
#define HAVE_STDDEF_H 1
#define HAVE_STDINT_H 1
#define HAVE_STDINT_H 1
#define HAVE_STDINT_H 1
#define HAVE_STDINT_H 1
#define HAVE_STDINT_H_WITH_UINTMAX 1
#define HAVE_STDLIB_H 1
#define HAVE_STDLIB_H 1
#define HAVE_STDLIB_H 1
#define HAVE_STPCPY 1
#define HAVE_STRCASECMP 1
#define HAVE_STRDUP 1
#define HAVE_STRDUP 1
#define HAVE_STRINGS_H 1
#define HAVE_STRINGS_H 1
#define HAVE_STRING_H 1
#define HAVE_STRING_H 1
#define HAVE_STRTOUL 1
#define HAVE_SYS_PARAM_H 1
#define HAVE_SYS_STAT_H 1
#define HAVE_SYS_TIME_H 1
#define HAVE_SYS_TYPES_H 1
#define HAVE_SYS_WAIT_H 1
#define HAVE_TSEARCH 1
#define HAVE_UINTMAX_T 1
#define HAVE_UNISTD_H 1
#define HAVE_UNISTD_H 1
#define HAVE_UNISTD_H 1
#define HAVE_UNISTD_H 1
#define HAVE_UNSIGNED_LONG_LONG 1
#define HAVE_VSPRINTF 1
#define HAVE_WCHAR_T 1
#define HAVE_WCSLEN 1
#define HAVE_WINT_T 1
#define HAVE___ARGZ_COUNT 1
#define HAVE___ARGZ_NEXT 1
#define HAVE___ARGZ_STRINGIFY 1
#define HAVE___FSETLOCKING 1
#define ICONV_CONST 
#define INTDIV0_RAISES_SIGFPE 1
#define PACKAGE "Adll"
#define PACKAGE_BUGREPORT "audin_j@epita.fr"
#define PACKAGE_NAME "Adll"
#define PACKAGE_STRING "Adll 1.0"
#define PACKAGE_TARNAME "adll"
#define PACKAGE_VERSION "1.0"
#define PROTOTYPES 1
#define STDC_HEADERS 1
#define SUPPORT_GTK 1
#define VERSION "1.0"

configure: exit 0
